[debug] [2023-06-04T12:12:07.735Z] ----------------------------------------------------------------------
[debug] [2023-06-04T12:12:07.737Z] Command:       C:\Program Files\nodejs\node.exe C:\Users\yosi2\AppData\Roaming\npm\node_modules\firebase-tools\lib\bin\firebase.js init
[debug] [2023-06-04T12:12:07.737Z] CLI Version:   12.2.1
[debug] [2023-06-04T12:12:07.737Z] Platform:      win32
[debug] [2023-06-04T12:12:07.737Z] Node Version:  v18.15.0
[debug] [2023-06-04T12:12:07.738Z] Time:          Sun Jun 04 2023 15:12:07 GMT+0300 (שעון ישראל (קיץ))
[debug] [2023-06-04T12:12:07.738Z] ----------------------------------------------------------------------
[debug] 
[debug] [2023-06-04T12:12:07.847Z] > command requires scopes: ["email","openid","https://www.googleapis.com/auth/cloudplatformprojects.readonly","https://www.googleapis.com/auth/firebase","https://www.googleapis.com/auth/cloud-platform"]
[debug] [2023-06-04T12:12:07.848Z] > authorizing via signed-in user (yosi277@gmail.com)
[info] 
     ######## #### ########  ######## ########     ###     ######  ########
     ##        ##  ##     ## ##       ##     ##  ##   ##  ##       ##
     ######    ##  ########  ######   ########  #########  ######  ######
     ##        ##  ##    ##  ##       ##     ## ##     ##       ## ##
     ##       #### ##     ## ######## ########  ##     ##  ######  ########

You're about to initialize a Firebase project in this directory:

  C:\Users\yosi2\OneDrive - ac.sce.ac.il\שולחן העבודה\פרויקטים בתכנות\GivesHand - WebSite Project\client

Before we get started, keep in mind:

  * You are initializing within an existing Firebase project directory

[info] 
=== Project Setup
[info] 
[info] First, let's associate this project directory with a Firebase project.
[info] You can create multiple project aliases by running firebase use --add, 
[info] but for now we'll just set up a default project.
[info] 
[debug] [2023-06-04T12:12:17.247Z] Using project from CLI flag: giveshand---website-project
[debug] [2023-06-04T12:12:17.249Z] >>> [apiv2][query] GET https://firebase.googleapis.com/v1beta1/projects/giveshand---website-project [none]
[debug] [2023-06-04T12:12:17.615Z] <<< [apiv2][status] GET https://firebase.googleapis.com/v1beta1/projects/giveshand---website-project 200
[debug] [2023-06-04T12:12:17.615Z] <<< [apiv2][body] GET https://firebase.googleapis.com/v1beta1/projects/giveshand---website-project {"projectId":"giveshand---website-project","projectNumber":"939372140790","displayName":"GivesHand - WebSite Project","name":"projects/giveshand---website-project","resources":{"hostingSite":"giveshand---website-project","realtimeDatabaseInstance":"giveshand---website-project-default-rtdb","storageBucket":"giveshand---website-project.appspot.com","locationId":"europe-west"},"state":"ACTIVE","etag":"1_d0e026f1-3d05-46d7-a7a7-46b1c413a25a"}
[info] i  Using project giveshand---website-project (GivesHand - WebSite Project) 
[info] 
=== Hosting Setup
[info] 
[info] Your public directory is the folder (relative to your project directory) that
[info] will contain Hosting assets to be uploaded with firebase deploy. If you
[info] have a build process for your assets, use your build's output directory.
[info] 
